Vivado Simulator 2018.1
Time resolution is 1 ps
WARNING: This core is supplied with a behavioral model. To model cycle-accurate behavior you must run timing simulation.
Time:                    5, PC: 00400000, Instruction: xxxxxxxx
Time:                   15, PC: 00400000, Instruction: xxxxxxxx
Time:                   25, PC: xxxxxxxx, Instruction: xxxxxxxx
Time:                   35, PC: xxxxxxxx, Instruction: xxxxxxxx
Time:                   45, PC: xxxxxxxx, Instruction: xxxxxxxx
Time:                   55, PC: xxxxxxxx, Instruction: xxxxxxxx
Time:                   65, PC: xxxxxxxx, Instruction: xxxxxxxx
Time:                   75, PC: xxxxxxxx, Instruction: xxxxxxxx
Time:                   85, PC: xxxxxxxx, Instruction: xxxxxxxx
Time:                   95, PC: xxxxxxxx, Instruction: xxxxxxxx
Time:                  105, PC: xxxxxxxx, Instruction: xxxxxxxx
Time:                  115, PC: xxxxxxxx, Instruction: xxxxxxxx
Time:                  125, PC: xxxxxxxx, Instruction: xxxxxxxx
Time:                  135, PC: xxxxxxxx, Instruction: xxxxxxxx
Time:                  145, PC: xxxxxxxx, Instruction: xxxxxxxx
Time:                  155, PC: xxxxxxxx, Instruction: xxxxxxxx
Time:                  165, PC: xxxxxxxx, Instruction: xxxxxxxx
Time:                  175, PC: xxxxxxxx, Instruction: xxxxxxxx
Time:                  185, PC: xxxxxxxx, Instruction: xxxxxxxx
Time:                  195, PC: xxxxxxxx, Instruction: xxxxxxxx
Time:                  205, PC: xxxxxxxx, Instruction: xxxxxxxx
Time:                  215, PC: xxxxxxxx, Instruction: xxxxxxxx
Time:                  225, PC: xxxxxxxx, Instruction: xxxxxxxx
Time:                  235, PC: xxxxxxxx, Instruction: xxxxxxxx
Time:                  245, PC: xxxxxxxx, Instruction: xxxxxxxx
Time:                  255, PC: xxxxxxxx, Instruction: xxxxxxxx
Time:                  265, PC: xxxxxxxx, Instruction: xxxxxxxx
Time:                  275, PC: xxxxxxxx, Instruction: xxxxxxxx
Time:                  285, PC: xxxxxxxx, Instruction: xxxxxxxx
Time:                  295, PC: xxxxxxxx, Instruction: xxxxxxxx
Time:                  305, PC: xxxxxxxx, Instruction: xxxxxxxx
Time:                  315, PC: xxxxxxxx, Instruction: xxxxxxxx
Time:                  325, PC: xxxxxxxx, Instruction: xxxxxxxx
Time:                  335, PC: xxxxxxxx, Instruction: xxxxxxxx
Time:                  345, PC: xxxxxxxx, Instruction: xxxxxxxx
Time:                  355, PC: xxxxxxxx, Instruction: xxxxxxxx
Time:                  365, PC: xxxxxxxx, Instruction: xxxxxxxx
Time:                  375, PC: xxxxxxxx, Instruction: xxxxxxxx
Time:                  385, PC: xxxxxxxx, Instruction: xxxxxxxx
Time:                  395, PC: xxxxxxxx, Instruction: xxxxxxxx
Time:                  405, PC: xxxxxxxx, Instruction: xxxxxxxx
Time:                  415, PC: xxxxxxxx, Instruction: xxxxxxxx
Time:                  425, PC: xxxxxxxx, Instruction: xxxxxxxx
Time:                  435, PC: xxxxxxxx, Instruction: xxxxxxxx
Time:                  445, PC: xxxxxxxx, Instruction: xxxxxxxx
Time:                  455, PC: xxxxxxxx, Instruction: xxxxxxxx
Time:                  465, PC: xxxxxxxx, Instruction: xxxxxxxx
Time:                  475, PC: xxxxxxxx, Instruction: xxxxxxxx
Time:                  485, PC: xxxxxxxx, Instruction: xxxxxxxx
Time:                  495, PC: xxxxxxxx, Instruction: xxxxxxxx
Time:                  505, PC: xxxxxxxx, Instruction: xxxxxxxx
Time:                  515, PC: xxxxxxxx, Instruction: xxxxxxxx
Time:                  525, PC: xxxxxxxx, Instruction: xxxxxxxx
Time:                  535, PC: xxxxxxxx, Instruction: xxxxxxxx
Time:                  545, PC: xxxxxxxx, Instruction: xxxxxxxx
Time:                  555, PC: xxxxxxxx, Instruction: xxxxxxxx
Time:                  565, PC: xxxxxxxx, Instruction: xxxxxxxx
Time:                  575, PC: xxxxxxxx, Instruction: xxxxxxxx
Time:                  585, PC: xxxxxxxx, Instruction: xxxxxxxx
Time:                  595, PC: xxxxxxxx, Instruction: xxxxxxxx
Time:                  605, PC: xxxxxxxx, Instruction: xxxxxxxx
Time:                  